[27Jul2024 23:58:23.911] [main/INFO] [cpw.mods.modlauncher.Launcher/MODLAUNCHER]: ModLauncher running: args [--launchTarget, forgeserver, --fml.forgeVersion, 40.2.0, --fml.mcVersion, 1.18.2, --fml.forgeGroup, net.minecraftforge, --fml.mcpVersion, 20220404.173914]
[27Jul2024 23:58:23.915] [main/INFO] [cpw.mods.modlauncher.Launcher/MODLAUNCHER]: ModLauncher 9.1.3+9.1.3+main.9b69c82a starting: java version 21.0.3 by Microsoft
[27Jul2024 23:58:23.932] [main/DEBUG] [cpw.mods.modlauncher.LaunchServiceHandler/MODLAUNCHER]: Found launch services [fmlclientdev,forgeclient,minecraft,forgegametestserverdev,fmlserveruserdev,fmlclient,fmldatauserdev,forgeserverdev,forgeserveruserdev,forgeclientdev,forgeclientuserdev,forgeserver,forgedatadev,fmlserver,fmlclientuserdev,fmlserverdev,forgedatauserdev,testharness,forgegametestserveruserdev]
[27Jul2024 23:58:23.952] [main/DEBUG] [cpw.mods.modlauncher.NameMappingServiceHandler/MODLAUNCHER]: Found naming services : [srgtomcp]
[27Jul2024 23:58:23.964] [main/DEBUG] [cpw.mods.modlauncher.LaunchPluginHandler/MODLAUNCHER]: Found launch plugins: [mixin,eventbus,slf4jfixer,object_holder_definalize,runtime_enum_extender,capability_token_subclass,accesstransformer,runtimedistcleaner]
[27Jul2024 23:58:23.978] [main/DEBUG] [cpw.mods.modlauncher.TransformationServicesHandler/MODLAUNCHER]: Discovering transformation services
[27Jul2024 23:58:23.992] [main/DEBUG] [cpw.mods.modlauncher.TransformationServicesHandler/MODLAUNCHER]: Found additional transformation services from discovery services: java.util.stream.ReferencePipeline$3@23fb172e
[27Jul2024 23:58:24.003] [main/DEBUG] [cpw.mods.modlauncher.TransformationServicesHandler/MODLAUNCHER]: Found transformer services : [mixin,fml]
[27Jul2024 23:58:24.004] [main/DEBUG] [cpw.mods.modlauncher.TransformationServicesHandler/MODLAUNCHER]: Transformation services loading
[27Jul2024 23:58:24.004] [main/DEBUG] [cpw.mods.modlauncher.TransformationServiceDecorator/MODLAUNCHER]: Loading service mixin
[27Jul2024 23:58:24.005] [main/DEBUG] [cpw.mods.modlauncher.TransformationServiceDecorator/MODLAUNCHER]: Loaded service mixin
[27Jul2024 23:58:24.005] [main/DEBUG] [cpw.mods.modlauncher.TransformationServiceDecorator/MODLAUNCHER]: Loading service fml
[27Jul2024 23:58:24.006] [main/DEBUG] [net.minecraftforge.fml.loading.LauncherVersion/CORE]: Found FMLLauncher version 1.0
[27Jul2024 23:58:24.007] [main/DEBUG] [net.minecraftforge.fml.loading.FMLLoader/CORE]: FML 1.0 loading
[27Jul2024 23:58:24.007] [main/DEBUG] [net.minecraftforge.fml.loading.FMLLoader/CORE]: FML found ModLauncher version : 9.1.3+9.1.3+main.9b69c82a
[27Jul2024 23:58:24.007] [main/DEBUG] [net.minecraftforge.fml.loading.FMLLoader/CORE]: FML found AccessTransformer version : 8.0.4+66+master.c09db6d7
[27Jul2024 23:58:24.008] [main/DEBUG] [net.minecraftforge.fml.loading.FMLLoader/CORE]: FML found EventBus version : 5.0.3+70+master.d7d405b
[27Jul2024 23:58:24.012] [main/DEBUG] [net.minecraftforge.fml.loading.FMLLoader/CORE]: Found Runtime Dist Cleaner
[27Jul2024 23:58:24.013] [main/DEBUG] [net.minecraftforge.fml.loading.FMLLoader/CORE]: FML found CoreMod version : 5.0.1+15+master.dc5a2922
[27Jul2024 23:58:24.014] [main/DEBUG] [net.minecraftforge.fml.loading.FMLLoader/CORE]: Found ForgeSPI package implementation version 4.0.15-4.x+4.0.15-4.x+4.x.038e91c0
[27Jul2024 23:58:24.016] [main/DEBUG] [net.minecraftforge.fml.loading.FMLLoader/CORE]: Found ForgeSPI package specification 4
[27Jul2024 23:58:24.020] [main/DEBUG] [cpw.mods.modlauncher.TransformationServiceDecorator/MODLAUNCHER]: Loaded service fml
[27Jul2024 23:58:24.025] [main/DEBUG] [cpw.mods.modlauncher.TransformationServicesHandler/MODLAUNCHER]: Configuring option handling for services
[27Jul2024 23:58:24.032] [main/DEBUG] [cpw.mods.modlauncher.TransformationServicesHandler/MODLAUNCHER]: Transformation services initializing
[27Jul2024 23:58:24.033] [main/DEBUG] [cpw.mods.modlauncher.TransformationServiceDecorator/MODLAUNCHER]: Initializing transformation service mixin
[27Jul2024 23:58:24.054] [main/DEBUG] [mixin/]: MixinService [ModLauncher] was successfully booted in cpw.mods.cl.ModuleClassLoader@27c20538
[27Jul2024 23:58:24.075] [main/INFO] [mixin/]: SpongePowered MIXIN Subsystem Version=0.8.5 Source=union:/workspaces/server-mc/servidor_minecraft/libraries/org/spongepowered/mixin/0.8.5/mixin-0.8.5.jar%2314!/ Service=ModLauncher Env=SERVER
[27Jul2024 23:58:24.079] [main/DEBUG] [mixin/]: Initialising Mixin Platform Manager
[27Jul2024 23:58:24.080] [main/DEBUG] [mixin/]: Adding mixin platform agents for container ModLauncher Root Container(ModLauncher:4f56a0a2)
[27Jul2024 23:58:24.080] [main/DEBUG] [mixin/]: Instancing new MixinPlatformAgentMinecraftForge for ModLauncher Root Container(ModLauncher:4f56a0a2)
[27Jul2024 23:58:24.081] [main/DEBUG] [mixin/]: MixinPlatformAgentMinecraftForge rejected container ModLauncher Root Container(ModLauncher:4f56a0a2)
[27Jul2024 23:58:24.082] [main/DEBUG] [mixin/]: Instancing new MixinPlatformAgentDefault for ModLauncher Root Container(ModLauncher:4f56a0a2)
[27Jul2024 23:58:24.082] [main/DEBUG] [mixin/]: MixinPlatformAgentDefault accepted container ModLauncher Root Container(ModLauncher:4f56a0a2)
[27Jul2024 23:58:24.084] [main/DEBUG] [cpw.mods.modlauncher.TransformationServiceDecorator/MODLAUNCHER]: Initialized transformation service mixin
[27Jul2024 23:58:24.084] [main/DEBUG] [cpw.mods.modlauncher.TransformationServiceDecorator/MODLAUNCHER]: Initializing transformation service fml
[27Jul2024 23:58:24.085] [main/DEBUG] [net.minecraftforge.fml.loading.FMLServiceProvider/CORE]: Setting up basic FML game directories
[27Jul2024 23:58:24.086] [main/DEBUG] [net.minecraftforge.fml.loading.FileUtils/CORE]: Found existing GAMEDIR directory : /workspaces/server-mc/servidor_minecraft
[27Jul2024 23:58:24.087] [main/DEBUG] [net.minecraftforge.fml.loading.FMLPaths/CORE]: Path GAMEDIR is /workspaces/server-mc/servidor_minecraft
[27Jul2024 23:58:24.087] [main/DEBUG] [net.minecraftforge.fml.loading.FileUtils/CORE]: Found existing MODSDIR directory : /workspaces/server-mc/servidor_minecraft/mods
[27Jul2024 23:58:24.087] [main/DEBUG] [net.minecraftforge.fml.loading.FMLPaths/CORE]: Path MODSDIR is /workspaces/server-mc/servidor_minecraft/mods
[27Jul2024 23:58:24.087] [main/DEBUG] [net.minecraftforge.fml.loading.FileUtils/CORE]: Found existing CONFIGDIR directory : /workspaces/server-mc/servidor_minecraft/config
[27Jul2024 23:58:24.087] [main/DEBUG] [net.minecraftforge.fml.loading.FMLPaths/CORE]: Path CONFIGDIR is /workspaces/server-mc/servidor_minecraft/config
[27Jul2024 23:58:24.088] [main/DEBUG] [net.minecraftforge.fml.loading.FMLPaths/CORE]: Path FMLCONFIG is /workspaces/server-mc/servidor_minecraft/config/fml.toml
[27Jul2024 23:58:24.088] [main/DEBUG] [net.minecraftforge.fml.loading.FMLServiceProvider/CORE]: Loading configuration
[27Jul2024 23:58:24.142] [main/DEBUG] [net.minecraftforge.fml.loading.FileUtils/CORE]: Found existing default config directory directory : /workspaces/server-mc/servidor_minecraft/defaultconfigs
[27Jul2024 23:58:24.142] [main/DEBUG] [net.minecraftforge.fml.loading.FMLServiceProvider/CORE]: Preparing ModFile
[27Jul2024 23:58:24.149] [main/DEBUG] [net.minecraftforge.fml.loading.FMLServiceProvider/CORE]: Preparing launch handler
[27Jul2024 23:58:24.150] [main/DEBUG] [net.minecraftforge.fml.loading.FMLLoader/CORE]: Using forgeserver as launch service
[27Jul2024 23:58:24.183] [main/DEBUG] [net.minecraftforge.fml.loading.FMLLoader/CORE]: Received command line version data  : VersionInfo[forgeVersion=40.2.0, mcVersion=1.18.2, mcpVersion=20220404.173914, forgeGroup=net.minecraftforge]
[27Jul2024 23:58:24.185] [main/DEBUG] [cpw.mods.modlauncher.TransformationServiceDecorator/MODLAUNCHER]: Initialized transformation service fml
[27Jul2024 23:58:24.185] [main/DEBUG] [cpw.mods.modlauncher.NameMappingServiceHandler/MODLAUNCHER]: Current naming domain is 'srg'
[27Jul2024 23:58:24.186] [main/DEBUG] [cpw.mods.modlauncher.NameMappingServiceHandler/MODLAUNCHER]: Identified name mapping providers {}
[27Jul2024 23:58:24.186] [main/DEBUG] [cpw.mods.modlauncher.TransformationServicesHandler/MODLAUNCHER]: Transformation services begin scanning
[27Jul2024 23:58:24.187] [main/DEBUG] [cpw.mods.modlauncher.TransformationServiceDecorator/MODLAUNCHER]: Beginning scan trigger - transformation service mixin
[27Jul2024 23:58:24.187] [main/DEBUG] [cpw.mods.modlauncher.TransformationServiceDecorator/MODLAUNCHER]: End scan trigger - transformation service mixin
[27Jul2024 23:58:24.187] [main/DEBUG] [cpw.mods.modlauncher.TransformationServiceDecorator/MODLAUNCHER]: Beginning scan trigger - transformation service fml
[27Jul2024 23:58:24.188] [main/DEBUG] [net.minecraftforge.fml.loading.FMLServiceProvider/CORE]: Initiating mod scan
[27Jul2024 23:58:24.200] [main/DEBUG] [net.minecraftforge.fml.loading.moddiscovery.ModListHandler/CORE]: Found mod coordinates from lists: []
[27Jul2024 23:58:24.202] [main/DEBUG] [net.minecraftforge.fml.loading.moddiscovery.ModDiscoverer/CORE]: Found Mod Locators : (mods folder:null),(maven libs:null),(exploded directory:null),(minecraft:null),(userdev classpath:null),(JarInJar:null)
[27Jul2024 23:58:24.221] [main/DEBUG] [net.minecraftforge.fml.loading.moddiscovery.ModFileParser/LOADING]: Considering mod file candidate /workspaces/server-mc/servidor_minecraft/mods/[1.18.2] SecurityCraft v1.9.10.jar
[27Jul2024 23:58:24.287] [main/DEBUG] [net.minecraftforge.fml.loading.moddiscovery.ModFileInfo/LOADING]: Found valid mod file [1.18.2] SecurityCraft v1.9.10.jar with {securitycraft} mods - versions {1.9.10}
[27Jul2024 23:58:24.557] [main/DEBUG] [net.minecraftforge.fml.loading.moddiscovery.ModFileInfo/LOADING]: Found valid mod file server-1.18.2-20220404.173914-srg.jar with {minecraft} mods - versions {1.18.2}
[27Jul2024 23:58:24.563] [main/DEBUG] [net.minecraftforge.fml.loading.moddiscovery.ModFileParser/LOADING]: Considering mod file candidate /workspaces/server-mc/servidor_minecraft/libraries/net/minecraftforge/fmlcore/1.18.2-40.2.0/fmlcore-1.18.2-40.2.0.jar
[27Jul2024 23:58:24.563] [main/WARN] [net.minecraftforge.fml.loading.moddiscovery.ModFileParser/LOADING]: Mod file /workspaces/server-mc/servidor_minecraft/libraries/net/minecraftforge/fmlcore/1.18.2-40.2.0/fmlcore-1.18.2-40.2.0.jar is missing mods.toml file
[27Jul2024 23:58:24.564] [main/DEBUG] [net.minecraftforge.fml.loading.moddiscovery.ModFileParser/LOADING]: Considering mod file candidate /workspaces/server-mc/servidor_minecraft/libraries/net/minecraftforge/javafmllanguage/1.18.2-40.2.0/javafmllanguage-1.18.2-40.2.0.jar
[27Jul2024 23:58:24.565] [main/WARN] [net.minecraftforge.fml.loading.moddiscovery.ModFileParser/LOADING]: Mod file /workspaces/server-mc/servidor_minecraft/libraries/net/minecraftforge/javafmllanguage/1.18.2-40.2.0/javafmllanguage-1.18.2-40.2.0.jar is missing mods.toml file
[27Jul2024 23:58:24.566] [main/DEBUG] [net.minecraftforge.fml.loading.moddiscovery.ModFileParser/LOADING]: Considering mod file candidate /workspaces/server-mc/servidor_minecraft/libraries/net/minecraftforge/lowcodelanguage/1.18.2-40.2.0/lowcodelanguage-1.18.2-40.2.0.jar
[27Jul2024 23:58:24.567] [main/WARN] [net.minecraftforge.fml.loading.moddiscovery.ModFileParser/LOADING]: Mod file /workspaces/server-mc/servidor_minecraft/libraries/net/minecraftforge/lowcodelanguage/1.18.2-40.2.0/lowcodelanguage-1.18.2-40.2.0.jar is missing mods.toml file
[27Jul2024 23:58:24.569] [main/DEBUG] [net.minecraftforge.fml.loading.moddiscovery.ModFileParser/LOADING]: Considering mod file candidate /workspaces/server-mc/servidor_minecraft/libraries/net/minecraftforge/mclanguage/1.18.2-40.2.0/mclanguage-1.18.2-40.2.0.jar
[27Jul2024 23:58:24.569] [main/WARN] [net.minecraftforge.fml.loading.moddiscovery.ModFileParser/LOADING]: Mod file /workspaces/server-mc/servidor_minecraft/libraries/net/minecraftforge/mclanguage/1.18.2-40.2.0/mclanguage-1.18.2-40.2.0.jar is missing mods.toml file
[27Jul2024 23:58:24.619] [main/DEBUG] [net.minecraftforge.fml.loading.moddiscovery.ModFileParser/LOADING]: Considering mod file candidate /workspaces/server-mc/servidor_minecraft/libraries/net/minecraftforge/forge/1.18.2-40.2.0/forge-1.18.2-40.2.0-universal.jar
[27Jul2024 23:58:24.620] [main/DEBUG] [net.minecraftforge.fml.loading.moddiscovery.ModFileInfo/LOADING]: Found valid mod file forge-1.18.2-40.2.0-universal.jar with {forge} mods - versions {40.2.0}
[27Jul2024 23:58:24.649] [main/DEBUG] [net.minecraftforge.fml.loading.moddiscovery.AbstractJarFileDependencyLocator/]: Failed to load resource META-INF/jarjar/metadata.json from server-1.18.2-20220404.173914-srg.jar, it does not contain dependency information.
[27Jul2024 23:58:24.650] [main/DEBUG] [net.minecraftforge.fml.loading.moddiscovery.AbstractJarFileDependencyLocator/]: Failed to load resource META-INF/jarjar/metadata.json from forge-1.18.2-40.2.0-universal.jar, it does not contain dependency information.
[27Jul2024 23:58:24.650] [main/DEBUG] [net.minecraftforge.fml.loading.moddiscovery.AbstractJarFileDependencyLocator/]: Failed to load resource META-INF/jarjar/metadata.json from [1.18.2] SecurityCraft v1.9.10.jar, it does not contain dependency information.
[27Jul2024 23:58:24.651] [main/DEBUG] [net.minecraftforge.fml.loading.moddiscovery.AbstractJarFileDependencyLocator/]: Failed to load resource META-INF/jarjar/metadata.json from mclanguage-1.18.2-40.2.0.jar, it does not contain dependency information.
[27Jul2024 23:58:24.651] [main/DEBUG] [net.minecraftforge.fml.loading.moddiscovery.AbstractJarFileDependencyLocator/]: Failed to load resource META-INF/jarjar/metadata.json from javafmllanguage-1.18.2-40.2.0.jar, it does not contain dependency information.
[27Jul2024 23:58:24.651] [main/DEBUG] [net.minecraftforge.fml.loading.moddiscovery.AbstractJarFileDependencyLocator/]: Failed to load resource META-INF/jarjar/metadata.json from fmlcore-1.18.2-40.2.0.jar, it does not contain dependency information.
[27Jul2024 23:58:24.652] [main/DEBUG] [net.minecraftforge.fml.loading.moddiscovery.AbstractJarFileDependencyLocator/]: Failed to load resource META-INF/jarjar/metadata.json from lowcodelanguage-1.18.2-40.2.0.jar, it does not contain dependency information.
[27Jul2024 23:58:24.715] [main/INFO] [net.minecraftforge.fml.loading.moddiscovery.JarInJarDependencyLocator/]: No dependencies to load found. Skipping!
[27Jul2024 23:58:24.721] [main/DEBUG] [net.minecraftforge.fml.loading.moddiscovery.ModFileInfo/LOADING]: Found valid mod file server-1.18.2-20220404.173914-srg.jar with {minecraft} mods - versions {1.18.2}
[27Jul2024 23:58:24.728] [main/DEBUG] [net.minecraftforge.fml.loading.moddiscovery.ModFile/LOADING]: Loading mod file /workspaces/server-mc/servidor_minecraft/libraries/net/minecraft/server/1.18.2-20220404.173914/server-1.18.2-20220404.173914-srg.jar with languages [LanguageSpec[languageName=minecraft, acceptedVersions=1]]
[27Jul2024 23:58:24.730] [main/DEBUG] [net.minecraftforge.fml.loading.moddiscovery.ModFileParser/LOADING]: Considering mod file candidate /workspaces/server-mc/servidor_minecraft/libraries/net/minecraftforge/forge/1.18.2-40.2.0/forge-1.18.2-40.2.0-universal.jar
[27Jul2024 23:58:24.732] [main/DEBUG] [net.minecraftforge.fml.loading.moddiscovery.ModFileInfo/LOADING]: Found valid mod file forge-1.18.2-40.2.0-universal.jar with {forge} mods - versions {40.2.0}
[27Jul2024 23:58:24.733] [main/DEBUG] [net.minecraftforge.fml.loading.moddiscovery.ModFile/LOADING]: Loading mod file /workspaces/server-mc/servidor_minecraft/libraries/net/minecraftforge/forge/1.18.2-40.2.0/forge-1.18.2-40.2.0-universal.jar with languages [LanguageSpec[languageName=javafml, acceptedVersions=[24,]]]
[27Jul2024 23:58:24.821] [main/DEBUG] [net.minecraftforge.fml.loading.moddiscovery.ModFileParser/LOADING]: Found coremod field_to_method with Javascript path coremods/field_to_method.js
[27Jul2024 23:58:24.822] [main/DEBUG] [net.minecraftforge.fml.loading.moddiscovery.ModFileParser/LOADING]: Found coremod field_to_instanceof with Javascript path coremods/field_to_instanceof.js
[27Jul2024 23:58:24.822] [main/DEBUG] [net.minecraftforge.fml.loading.moddiscovery.ModFileParser/LOADING]: Found coremod add_bouncer_method with Javascript path coremods/add_bouncer_method.js
[27Jul2024 23:58:24.823] [main/DEBUG] [net.minecraftforge.fml.loading.moddiscovery.ModFileParser/LOADING]: Found coremod registry_object_binary_compat with Javascript path coremods/registry_object_binary_compat.js
[27Jul2024 23:58:24.823] [main/DEBUG] [net.minecraftforge.fml.loading.moddiscovery.ModFile/LOADING]: Found coremod coremods/field_to_method.js
[27Jul2024 23:58:24.823] [main/DEBUG] [net.minecraftforge.fml.loading.moddiscovery.ModFile/LOADING]: Found coremod coremods/field_to_instanceof.js
[27Jul2024 23:58:24.823] [main/DEBUG] [net.minecraftforge.fml.loading.moddiscovery.ModFile/LOADING]: Found coremod coremods/add_bouncer_method.js
[27Jul2024 23:58:24.824] [main/DEBUG] [net.minecraftforge.fml.loading.moddiscovery.ModFile/LOADING]: Found coremod coremods/registry_object_binary_compat.js
[27Jul2024 23:58:24.824] [main/DEBUG] [net.minecraftforge.fml.loading.moddiscovery.ModFileParser/LOADING]: Considering mod file candidate /workspaces/server-mc/servidor_minecraft/mods/[1.18.2] SecurityCraft v1.9.10.jar
[27Jul2024 23:58:24.828] [main/DEBUG] [net.minecraftforge.fml.loading.moddiscovery.ModFileInfo/LOADING]: Found valid mod file [1.18.2] SecurityCraft v1.9.10.jar with {securitycraft} mods - versions {1.9.10}
[27Jul2024 23:58:24.828] [main/DEBUG] [net.minecraftforge.fml.loading.moddiscovery.ModFile/LOADING]: Loading mod file /workspaces/server-mc/servidor_minecraft/mods/[1.18.2] SecurityCraft v1.9.10.jar with languages [LanguageSpec[languageName=javafml, acceptedVersions=[40,)]]
[27Jul2024 23:58:24.831] [main/DEBUG] [cpw.mods.modlauncher.TransformationServiceDecorator/MODLAUNCHER]: End scan trigger - transformation service fml
[27Jul2024 23:58:24.852] [main/DEBUG] [net.minecraftforge.fml.loading.LanguageLoadingProvider/CORE]: Found 3 language providers
[27Jul2024 23:58:24.853] [main/DEBUG] [net.minecraftforge.fml.loading.LanguageLoadingProvider/CORE]: Found language provider minecraft, version 1.0
[27Jul2024 23:58:24.854] [main/DEBUG] [net.minecraftforge.fml.loading.LanguageLoadingProvider/CORE]: Found language provider lowcodefml, version 40
[27Jul2024 23:58:24.854] [main/DEBUG] [net.minecraftforge.fml.loading.LanguageLoadingProvider/CORE]: Found language provider javafml, version 40
[27Jul2024 23:58:24.859] [main/DEBUG] [net.minecraftforge.fml.loading.ModSorter/]: Configured system mods: [minecraft, forge]
[27Jul2024 23:58:24.859] [main/DEBUG] [net.minecraftforge.fml.loading.ModSorter/]: Found system mod: minecraft
[27Jul2024 23:58:24.859] [main/DEBUG] [net.minecraftforge.fml.loading.ModSorter/]: Found system mod: forge
[27Jul2024 23:58:24.864] [main/DEBUG] [net.minecraftforge.fml.loading.ModSorter/LOADING]: Found 4 mod requirements (2 mandatory, 2 optional)
[27Jul2024 23:58:24.864] [main/DEBUG] [net.minecraftforge.fml.loading.ModSorter/LOADING]: Found 0 mod requirements missing (0 mandatory, 0 optional)
[27Jul2024 23:58:25.584] [main/DEBUG] [cpw.mods.modlauncher.TransformationServicesHandler/MODLAUNCHER]: Transformation services loading transformers
[27Jul2024 23:58:25.584] [main/DEBUG] [cpw.mods.modlauncher.TransformationServiceDecorator/MODLAUNCHER]: Initializing transformers for transformation service mixin
[27Jul2024 23:58:25.585] [main/DEBUG] [cpw.mods.modlauncher.TransformationServiceDecorator/MODLAUNCHER]: Initialized transformers for transformation service mixin
[27Jul2024 23:58:25.585] [main/DEBUG] [cpw.mods.modlauncher.TransformationServiceDecorator/MODLAUNCHER]: Initializing transformers for transformation service fml
[27Jul2024 23:58:25.585] [main/DEBUG] [net.minecraftforge.fml.loading.FMLServiceProvider/CORE]: Loading coremod transformers
[27Jul2024 23:58:25.585] [main/DEBUG] [net.minecraftforge.coremod.CoreModEngine/COREMOD]: Loading CoreMod from coremods/field_to_method.js
[27Jul2024 23:58:25.950] [main/DEBUG] [net.minecraftforge.coremod.CoreModEngine/COREMOD]: CoreMod loaded successfully
[27Jul2024 23:58:25.957] [main/DEBUG] [net.minecraftforge.coremod.CoreModEngine/COREMOD]: Loading CoreMod from coremods/field_to_instanceof.js
[27Jul2024 23:58:26.065] [main/DEBUG] [net.minecraftforge.coremod.CoreModEngine/COREMOD]: CoreMod loaded successfully
[27Jul2024 23:58:26.069] [main/DEBUG] [net.minecraftforge.coremod.CoreModEngine/COREMOD]: Loading CoreMod from coremods/add_bouncer_method.js
[27Jul2024 23:58:26.165] [main/DEBUG] [net.minecraftforge.coremod.CoreModEngine/COREMOD]: CoreMod loaded successfully
[27Jul2024 23:58:26.173] [main/DEBUG] [net.minecraftforge.coremod.CoreModEngine/COREMOD]: Loading CoreMod from coremods/registry_object_binary_compat.js
[27Jul2024 23:58:26.206] [main/DEBUG] [net.minecraftforge.coremod.CoreModEngine/COREMOD]: CoreMod loaded successfully
[27Jul2024 23:58:26.223] [main/DEBUG] [cpw.mods.modlauncher.TransformStore/MODLAUNCHER]: Adding transformer net.minecraftforge.coremod.transformer.CoreModClassTransformer@5292ceca to Target : CLASS {Lnet/minecraft/world/effect/MobEffectInstance;} {} {V}
[27Jul2024 23:58:26.226] [main/DEBUG] [cpw.mods.modlauncher.TransformStore/MODLAUNCHER]: Adding transformer net.minecraftforge.coremod.transformer.CoreModClassTransformer@62e93c3a to Target : CLASS {Lnet/minecraft/world/level/block/LiquidBlock;} {} {V}
[27Jul2024 23:58:26.226] [main/DEBUG] [cpw.mods.modlauncher.TransformStore/MODLAUNCHER]: Adding transformer net.minecraftforge.coremod.transformer.CoreModClassTransformer@673919a7 to Target : CLASS {Lnet/minecraft/world/item/BucketItem;} {} {V}
[27Jul2024 23:58:26.227] [main/DEBUG] [cpw.mods.modlauncher.TransformStore/MODLAUNCHER]: Adding transformer net.minecraftforge.coremod.transformer.CoreModClassTransformer@25d93198 to Target : CLASS {Lnet/minecraft/world/level/block/StairBlock;} {} {V}
[27Jul2024 23:58:26.227] [main/DEBUG] [cpw.mods.modlauncher.TransformStore/MODLAUNCHER]: Adding transformer net.minecraftforge.coremod.transformer.CoreModClassTransformer@2436ea2f to Target : CLASS {Lnet/minecraft/world/level/block/FlowerPotBlock;} {} {V}
[27Jul2024 23:58:26.228] [main/DEBUG] [cpw.mods.modlauncher.TransformStore/MODLAUNCHER]: Adding transformer net.minecraftforge.coremod.transformer.CoreModClassTransformer@f951a7f to Target : CLASS {Lnet/minecraft/world/item/ItemStack;} {} {V}
[27Jul2024 23:58:26.229] [main/DEBUG] [cpw.mods.modlauncher.TransformStore/MODLAUNCHER]: Adding transformer net.minecraftforge.coremod.transformer.CoreModClassTransformer@20cece0b to Target : CLASS {Lnet/minecraft/network/play/client/CClientSettingsPacket;} {} {V}
[27Jul2024 23:58:26.229] [main/DEBUG] [cpw.mods.modlauncher.TransformStore/MODLAUNCHER]: Adding transformer net.minecraftforge.coremod.transformer.CoreModClassTransformer@4c777e7b to Target : CLASS {Lnet/minecraftforge/registries/RegistryObject;} {} {V}
[27Jul2024 23:58:26.229] [main/DEBUG] [cpw.mods.modlauncher.TransformationServiceDecorator/MODLAUNCHER]: Initialized transformers for transformation service fml
[27Jul2024 23:58:27.868] [main/DEBUG] [mixin/]: Processing prepare() for PlatformAgent[MixinPlatformAgentDefault:ModLauncher Root Container(ModLauncher:4f56a0a2)]
[27Jul2024 23:58:27.869] [main/DEBUG] [mixin/]: Processing launch tasks for PlatformAgent[MixinPlatformAgentDefault:ModLauncher Root Container(ModLauncher:4f56a0a2)]
[27Jul2024 23:58:27.869] [main/DEBUG] [mixin/]: Adding mixin platform agents for container SecureJarResource(minecraft)
[27Jul2024 23:58:27.869] [main/DEBUG] [mixin/]: Instancing new MixinPlatformAgentMinecraftForge for SecureJarResource(minecraft)
[27Jul2024 23:58:27.869] [main/DEBUG] [mixin/]: MixinPlatformAgentMinecraftForge rejected container SecureJarResource(minecraft)
[27Jul2024 23:58:27.877] [main/DEBUG] [mixin/]: Instancing new MixinPlatformAgentDefault for SecureJarResource(minecraft)
[27Jul2024 23:58:27.877] [main/DEBUG] [mixin/]: MixinPlatformAgentDefault accepted container SecureJarResource(minecraft)
[27Jul2024 23:58:27.878] [main/DEBUG] [mixin/]: Processing prepare() for PlatformAgent[MixinPlatformAgentDefault:SecureJarResource(minecraft)]
[27Jul2024 23:58:27.878] [main/DEBUG] [mixin/]: Adding mixin platform agents for container SecureJarResource(forge)
[27Jul2024 23:58:27.878] [main/DEBUG] [mixin/]: Instancing new MixinPlatformAgentMinecraftForge for SecureJarResource(forge)
[27Jul2024 23:58:27.878] [main/DEBUG] [mixin/]: MixinPlatformAgentMinecraftForge rejected container SecureJarResource(forge)
[27Jul2024 23:58:27.879] [main/DEBUG] [mixin/]: Instancing new MixinPlatformAgentDefault for SecureJarResource(forge)
[27Jul2024 23:58:27.879] [main/DEBUG] [mixin/]: MixinPlatformAgentDefault accepted container SecureJarResource(forge)
[27Jul2024 23:58:27.879] [main/DEBUG] [mixin/]: Processing prepare() for PlatformAgent[MixinPlatformAgentDefault:SecureJarResource(forge)]
[27Jul2024 23:58:27.880] [main/DEBUG] [mixin/]: Adding mixin platform agents for container SecureJarResource(securitycraft)
[27Jul2024 23:58:27.880] [main/DEBUG] [mixin/]: Instancing new MixinPlatformAgentMinecraftForge for SecureJarResource(securitycraft)
[27Jul2024 23:58:27.880] [main/DEBUG] [mixin/]: MixinPlatformAgentMinecraftForge rejected container SecureJarResource(securitycraft)
[27Jul2024 23:58:27.880] [main/DEBUG] [mixin/]: Instancing new MixinPlatformAgentDefault for SecureJarResource(securitycraft)
[27Jul2024 23:58:27.881] [main/DEBUG] [mixin/]: MixinPlatformAgentDefault accepted container SecureJarResource(securitycraft)
[27Jul2024 23:58:27.881] [main/DEBUG] [mixin/]: Processing prepare() for PlatformAgent[MixinPlatformAgentDefault:SecureJarResource(securitycraft)]
[27Jul2024 23:58:27.881] [main/DEBUG] [mixin/]: Registering mixin config: securitycraft.mixins.json
[27Jul2024 23:58:27.900] [main/DEBUG] [mixin/]: Compatibility level JAVA_17 specified by securitycraft.mixins.json is higher than the maximum level supported by this version of mixin (JAVA_13).
[27Jul2024 23:58:27.905] [main/INFO] [mixin/]: Compatibility level set to JAVA_17
[27Jul2024 23:58:27.906] [main/DEBUG] [mixin/]: inject() running with 4 agents
[27Jul2024 23:58:27.906] [main/DEBUG] [mixin/]: Processing inject() for PlatformAgent[MixinPlatformAgentDefault:ModLauncher Root Container(ModLauncher:4f56a0a2)]
[27Jul2024 23:58:27.907] [main/DEBUG] [mixin/]: Processing inject() for PlatformAgent[MixinPlatformAgentDefault:SecureJarResource(minecraft)]
[27Jul2024 23:58:27.908] [main/DEBUG] [mixin/]: Processing inject() for PlatformAgent[MixinPlatformAgentDefault:SecureJarResource(forge)]
[27Jul2024 23:58:27.908] [main/DEBUG] [mixin/]: Processing inject() for PlatformAgent[MixinPlatformAgentDefault:SecureJarResource(securitycraft)]
[27Jul2024 23:58:27.908] [main/INFO] [cpw.mods.modlauncher.LaunchServiceHandler/MODLAUNCHER]: Launching target 'forgeserver' with arguments []
[27Jul2024 23:58:27.965] [main/DEBUG] [mixin/]: Error cleaning class output directory: .mixin.out
[27Jul2024 23:58:27.978] [main/DEBUG] [mixin/]: Preparing mixins for MixinEnvironment[DEFAULT]
[27Jul2024 23:58:27.978] [main/DEBUG] [mixin/]: Selecting config securitycraft.mixins.json
[27Jul2024 23:58:27.988] [main/DEBUG] [mixin/]: Preparing securitycraft.mixins.json (16)
[27Jul2024 23:58:28.248] [main/DEBUG] [mixin/]: Registering new injector for @Inject with org.spongepowered.asm.mixin.injection.struct.CallbackInjectionInfo
[27Jul2024 23:58:28.259] [main/DEBUG] [mixin/]: Registering new injector for @ModifyArg with org.spongepowered.asm.mixin.injection.struct.ModifyArgInjectionInfo
[27Jul2024 23:58:28.260] [main/DEBUG] [mixin/]: Registering new injector for @ModifyArgs with org.spongepowered.asm.mixin.injection.struct.ModifyArgsInjectionInfo
[27Jul2024 23:58:28.270] [main/DEBUG] [mixin/]: Registering new injector for @Redirect with org.spongepowered.asm.mixin.injection.struct.RedirectInjectionInfo
[27Jul2024 23:58:28.271] [main/DEBUG] [mixin/]: Registering new injector for @ModifyVariable with org.spongepowered.asm.mixin.injection.struct.ModifyVariableInjectionInfo
[27Jul2024 23:58:28.273] [main/DEBUG] [mixin/]: Registering new injector for @ModifyConstant with org.spongepowered.asm.mixin.injection.struct.ModifyConstantInjectionInfo
[27Jul2024 23:58:28.287] [main/DEBUG] [mixin/]: Prepared 8 mixins in 0.308 sec (38.5ms avg) (0ms load, 0ms transform, 0ms plugin)
[27Jul2024 23:58:28.353] [main/DEBUG] [io.netty.util.internal.logging.InternalLoggerFactory/]: Using SLF4J as the default logging framework
[27Jul2024 23:58:28.355] [main/DEBUG] [io.netty.util.ResourceLeakDetector/]: -Dio.netty.leakDetection.level: simple
[27Jul2024 23:58:28.361] [main/DEBUG] [io.netty.util.ResourceLeakDetector/]: -Dio.netty.leakDetection.targetRecords: 4
[27Jul2024 23:58:28.529] [main/DEBUG] [oshi.util.FileUtil/]: No oshi.properties file found from ClassLoader cpw.mods.modlauncher.TransformingClassLoader@5b9396d3
[27Jul2024 23:58:28.530] [main/DEBUG] [oshi.util.FileUtil/]: No oshi.properties file found from ClassLoader jdk.internal.loader.ClassLoaders$AppClassLoader@d716361
[27Jul2024 23:58:28.566] [main/DEBUG] [oshi.util.FileUtil/]: Reading file /proc/cpuinfo
[27Jul2024 23:58:28.567] [main/DEBUG] [oshi.util.FileUtil/]: Reading file /proc/cpuinfo
[27Jul2024 23:58:28.609] [main/DEBUG] [oshi.util.FileUtil/]: No oshi.architecture.properties file found from ClassLoader cpw.mods.modlauncher.TransformingClassLoader@5b9396d3
[27Jul2024 23:58:28.610] [main/DEBUG] [oshi.util.FileUtil/]: No oshi.architecture.properties file found from ClassLoader jdk.internal.loader.ClassLoaders$AppClassLoader@d716361
[27Jul2024 23:58:28.675] [main/DEBUG] [oshi.util.FileUtil/]: Reading file /proc/meminfo
[27Jul2024 23:58:28.677] [main/DEBUG] [oshi.util.FileUtil/]: Reading file /proc/meminfo
[27Jul2024 23:58:29.560] [main/DEBUG] [net.minecraftforge.coremod.transformer.CoreModBaseTransformer/COREMOD]: Transforming net/minecraft/world/level/block/LiquidBlock
[27Jul2024 23:58:29.711] [main/DEBUG] [net.minecraftforge.coremod.transformer.CoreModBaseTransformer/COREMOD]: Transforming net/minecraft/world/level/block/StairBlock
[27Jul2024 23:58:29.994] [main/DEBUG] [net.minecraftforge.coremod.transformer.CoreModBaseTransformer/COREMOD]: Transforming net/minecraft/world/level/block/FlowerPotBlock
[27Jul2024 23:58:31.140] [main/DEBUG] [net.minecraftforge.coremod.transformer.CoreModBaseTransformer/COREMOD]: Transforming net/minecraftforge/registries/RegistryObject
[27Jul2024 23:58:31.832] [main/DEBUG] [net.minecraftforge.coremod.transformer.CoreModBaseTransformer/COREMOD]: Transforming net/minecraft/world/item/ItemStack
[27Jul2024 23:58:33.152] [main/DEBUG] [mixin/]: Mixing reinforceddirt.TrunkPlacerMixin from securitycraft.mixins.json into net.minecraft.world.level.levelgen.feature.trunkplacers.TrunkPlacer
[27Jul2024 23:58:33.194] [main/WARN] [mixin/]: Error loading class: java/util/function/BiConsumer (java.lang.IllegalArgumentException: Unsupported class file major version 65)
[27Jul2024 23:58:33.197] [main/FATAL] [mixin/]: Mixin apply failed securitycraft.mixins.json:reinforceddirt.TrunkPlacerMixin -> net.minecraft.world.level.levelgen.feature.trunkplacers.TrunkPlacer: org.spongepowered.asm.mixin.transformer.throwables.InvalidMixinException Unexpecteded ClassMetadataNotFoundException whilst transforming the mixin class: [MAIN Applicator Phase -> securitycraft.mixins.json:reinforceddirt.TrunkPlacerMixin -> Apply Methods -> (Lnet/minecraft/world/level/LevelSimulatedReader;Ljava/util/function/BiConsumer;Ljava/util/Random;Lnet/minecraft/core/BlockPos;Lnet/minecraft/world/level/levelgen/feature/configurations/TreeConfiguration;Lorg/spongepowered/asm/mixin/injection/callback/CallbackInfo;)V:handler$zzg000$securitycraft$onSetDirtAt -> Transform LVT -> var=blockSetter -> desc=Ljava/util/function/BiConsumer;]
org.spongepowered.asm.mixin.transformer.throwables.InvalidMixinException: Unexpecteded ClassMetadataNotFoundException whilst transforming the mixin class: [MAIN Applicator Phase -> securitycraft.mixins.json:reinforceddirt.TrunkPlacerMixin -> Apply Methods -> (Lnet/minecraft/world/level/LevelSimulatedReader;Ljava/util/function/BiConsumer;Ljava/util/Random;Lnet/minecraft/core/BlockPos;Lnet/minecraft/world/level/levelgen/feature/configurations/TreeConfiguration;Lorg/spongepowered/asm/mixin/injection/callback/CallbackInfo;)V:handler$zzg000$securitycraft$onSetDirtAt -> Transform LVT -> var=blockSetter -> desc=Ljava/util/function/BiConsumer;]
	at org.spongepowered.asm.mixin.transformer.MixinTargetContext.transformMethod(MixinTargetContext.java:491) ~[mixin-0.8.5.jar%2314!/:0.8.5+Jenkins-b310.git-155314e6e91465dad727e621a569906a410cd6f4]
	at org.spongepowered.asm.mixin.transformer.MixinApplicatorStandard.applyNormalMethod(MixinApplicatorStandard.java:532) ~[mixin-0.8.5.jar%2314!/:0.8.5+Jenkins-b310.git-155314e6e91465dad727e621a569906a410cd6f4]
	at org.spongepowered.asm.mixin.transformer.MixinApplicatorStandard.applyMethods(MixinApplicatorStandard.java:518) ~[mixin-0.8.5.jar%2314!/:0.8.5+Jenkins-b310.git-155314e6e91465dad727e621a569906a410cd6f4]
	at org.spongepowered.asm.mixin.transformer.MixinApplicatorStandard.applyMixin(MixinApplicatorStandard.java:386) ~[mixin-0.8.5.jar%2314!/:0.8.5+Jenkins-b310.git-155314e6e91465dad727e621a569906a410cd6f4]
	at org.spongepowered.asm.mixin.transformer.MixinApplicatorStandard.apply(MixinApplicatorStandard.java:325) ~[mixin-0.8.5.jar%2314!/:0.8.5+Jenkins-b310.git-155314e6e91465dad727e621a569906a410cd6f4]
	at org.spongepowered.asm.mixin.transformer.TargetClassContext.apply(TargetClassContext.java:383) ~[mixin-0.8.5.jar%2314!/:0.8.5+Jenkins-b310.git-155314e6e91465dad727e621a569906a410cd6f4]
	at org.spongepowered.asm.mixin.transformer.TargetClassContext.applyMixins(TargetClassContext.java:365) ~[mixin-0.8.5.jar%2314!/:0.8.5+Jenkins-b310.git-155314e6e91465dad727e621a569906a410cd6f4]
	at org.spongepowered.asm.mixin.transformer.MixinProcessor.applyMixins(MixinProcessor.java:363) ~[mixin-0.8.5.jar%2314!/:0.8.5+Jenkins-b310.git-155314e6e91465dad727e621a569906a410cd6f4]
	at org.spongepowered.asm.mixin.transformer.MixinTransformer.transformClass(MixinTransformer.java:250) ~[mixin-0.8.5.jar%2314!/:0.8.5+Jenkins-b310.git-155314e6e91465dad727e621a569906a410cd6f4]
	at org.spongepowered.asm.service.modlauncher.MixinTransformationHandler.processClass(MixinTransformationHandler.java:131) ~[mixin-0.8.5.jar%2314!/:0.8.5+Jenkins-b310.git-155314e6e91465dad727e621a569906a410cd6f4]
	at org.spongepowered.asm.launch.MixinLaunchPluginLegacy.processClass(MixinLaunchPluginLegacy.java:131) ~[mixin-0.8.5.jar%2314!/:0.8.5+Jenkins-b310.git-155314e6e91465dad727e621a569906a410cd6f4]
	at cpw.mods.modlauncher.serviceapi.ILaunchPluginService.processClassWithFlags(ILaunchPluginService.java:156) ~[modlauncher-9.1.3.jar%235!/:9.1.3+9.1.3+main.9b69c82a]
	at cpw.mods.modlauncher.LaunchPluginHandler.offerClassNodeToPlugins(LaunchPluginHandler.java:88) ~[modlauncher-9.1.3.jar%235!/:?]
	at cpw.mods.modlauncher.ClassTransformer.transform(ClassTransformer.java:120) ~[modlauncher-9.1.3.jar%235!/:?]
	at cpw.mods.modlauncher.TransformingClassLoader.maybeTransformClassBytes(TransformingClassLoader.java:50) ~[modlauncher-9.1.3.jar%235!/:?]
	at cpw.mods.cl.ModuleClassLoader.readerToClass(ModuleClassLoader.java:110) ~[securejarhandler-1.0.3.jar:?]
	at cpw.mods.cl.ModuleClassLoader.lambda$findClass$16(ModuleClassLoader.java:216) ~[securejarhandler-1.0.3.jar:?]
	at cpw.mods.cl.ModuleClassLoader.loadFromModule(ModuleClassLoader.java:226) ~[securejarhandler-1.0.3.jar:?]
	at cpw.mods.cl.ModuleClassLoader.findClass(ModuleClassLoader.java:216) ~[securejarhandler-1.0.3.jar:?]
	at cpw.mods.cl.ModuleClassLoader.loadClass(ModuleClassLoader.java:132) ~[securejarhandler-1.0.3.jar:?]
	at java.lang.ClassLoader.loadClass(ClassLoader.java:526) ~[?:?]
	at net.minecraft.world.level.levelgen.feature.configurations.TreeConfiguration.m_191346_(TreeConfiguration.java:16) ~[server-1.18.2-20220404.173914-srg.jar%2341!/:?]
	at com.mojang.serialization.codecs.RecordCodecBuilder.create(RecordCodecBuilder.java:72) ~[datafixerupper-4.1.27.jar%2325!/:?]
	at net.minecraft.world.level.levelgen.feature.configurations.TreeConfiguration.<clinit>(TreeConfiguration.java:15) ~[server-1.18.2-20220404.173914-srg.jar%2341!/:?]
	at net.minecraft.world.level.levelgen.feature.Feature.<clinit>(Feature.java:57) ~[server-1.18.2-20220404.173914-srg.jar%2341!/:?]
	at net.minecraft.data.worldgen.features.AquaticFeatures.<clinit>(AquaticFeatures.java:20) ~[server-1.18.2-20220404.173914-srg.jar%2341!/:?]
	at net.minecraft.data.worldgen.features.FeatureUtils.m_206469_(FeatureUtils.java:23) ~[server-1.18.2-20220404.173914-srg.jar%2341!/:?]
	at net.minecraft.data.BuiltinRegistries.m_206392_(BuiltinRegistries.java:101) ~[server-1.18.2-20220404.173914-srg.jar%2341!/:?]
	at java.util.LinkedHashMap.forEach(LinkedHashMap.java:986) ~[?:?]
	at net.minecraft.data.BuiltinRegistries.<clinit>(BuiltinRegistries.java:100) ~[server-1.18.2-20220404.173914-srg.jar%2341!/:?]
	at net.minecraft.core.Registry.<clinit>(Registry.java:633) ~[server-1.18.2-20220404.173914-srg.jar%2341!/:?]
	at net.minecraft.server.Bootstrap.m_135870_(Bootstrap.java:44) ~[server-1.18.2-20220404.173914-srg.jar%2341!/:?]
	at net.minecraft.server.Main.main(Main.java:109) ~[server-1.18.2-20220404.173914-srg.jar%2341!/:?]
	at jdk.internal.reflect.DirectMethodHandleAccessor.invoke(DirectMethodHandleAccessor.java:103) ~[?:?]
	at java.lang.reflect.Method.invoke(Method.java:580) ~[?:?]
	at net.minecraftforge.fml.loading.targets.CommonServerLaunchHandler.lambda$launchService$0(CommonServerLaunchHandler.java:32) ~[fmlloader-1.18.2-40.2.0.jar%2317!/:?]
	at cpw.mods.modlauncher.LaunchServiceHandlerDecorator.launch(LaunchServiceHandlerDecorator.java:37) [modlauncher-9.1.3.jar%235!/:?]
	at cpw.mods.modlauncher.LaunchServiceHandler.launch(LaunchServiceHandler.java:53) [modlauncher-9.1.3.jar%235!/:?]
	at cpw.mods.modlauncher.LaunchServiceHandler.launch(LaunchServiceHandler.java:71) [modlauncher-9.1.3.jar%235!/:?]
	at cpw.mods.modlauncher.Launcher.run(Launcher.java:106) [modlauncher-9.1.3.jar%235!/:?]
	at cpw.mods.modlauncher.Launcher.main(Launcher.java:77) [modlauncher-9.1.3.jar%235!/:?]
	at cpw.mods.modlauncher.BootstrapLaunchConsumer.accept(BootstrapLaunchConsumer.java:26) [modlauncher-9.1.3.jar%235!/:?]
	at cpw.mods.modlauncher.BootstrapLaunchConsumer.accept(BootstrapLaunchConsumer.java:23) [modlauncher-9.1.3.jar%235!/:?]
	at cpw.mods.bootstraplauncher.BootstrapLauncher.main(BootstrapLauncher.java:149) [bootstraplauncher-1.0.0.jar:?]
Caused by: org.spongepowered.asm.mixin.throwables.ClassMetadataNotFoundException: java.util.function.BiConsumer
	at org.spongepowered.asm.mixin.transformer.MixinTargetContext.transformSingleDescriptor(MixinTargetContext.java:983) ~[mixin-0.8.5.jar%2314!/:0.8.5+Jenkins-b310.git-155314e6e91465dad727e621a569906a410cd6f4]
	at org.spongepowered.asm.mixin.transformer.MixinTargetContext.transformSingleDescriptor(MixinTargetContext.java:943) ~[mixin-0.8.5.jar%2314!/:0.8.5+Jenkins-b310.git-155314e6e91465dad727e621a569906a410cd6f4]
	at org.spongepowered.asm.mixin.transformer.MixinTargetContext.transformLVT(MixinTargetContext.java:544) ~[mixin-0.8.5.jar%2314!/:0.8.5+Jenkins-b310.git-155314e6e91465dad727e621a569906a410cd6f4]
	at org.spongepowered.asm.mixin.transformer.MixinTargetContext.transformMethod(MixinTargetContext.java:450) ~[mixin-0.8.5.jar%2314!/:0.8.5+Jenkins-b310.git-155314e6e91465dad727e621a569906a410cd6f4]
	... 43 more
